Analysis & Synthesis report for SNN
Tue May 01 20:51:54 2018
Quartus Prime Version 16.0.0 Build 211 04/27/2016 SJ Lite Edition


---------------------
; Table of Contents ;
---------------------
  1. Legal Notice
  2. Analysis & Synthesis Summary
  3. Analysis & Synthesis Settings
  4. Parallel Compilation
  5. Analysis & Synthesis Messages
  6. Analysis & Synthesis Suppressed Messages



----------------
; Legal Notice ;
----------------
Copyright (C) 1991-2016 Altera Corporation. All rights reserved.
Your use of Altera Corporation's design tools, logic functions 
and other software and tools, and its AMPP partner logic 
functions, and any output files from any of the foregoing 
(including device programming or simulation files), and any 
associated documentation or information are expressly subject 
to the terms and conditions of the Altera Program License 
Subscription Agreement, the Altera Quartus Prime License Agreement,
the Altera MegaCore Function License Agreement, or other 
applicable license agreement, including, without limitation, 
that your use is for the sole purpose of programming logic 
devices manufactured by Altera and sold by Altera or its 
authorized distributors.  Please refer to the applicable 
agreement for further details.



+----------------------------------------------------------------------------------+
; Analysis & Synthesis Summary                                                     ;
+------------------------------------+---------------------------------------------+
; Analysis & Synthesis Status        ; Failed - Tue May 01 20:51:54 2018           ;
; Quartus Prime Version              ; 16.0.0 Build 211 04/27/2016 SJ Lite Edition ;
; Revision Name                      ; SNN                                         ;
; Top-level Entity Name              ; snn                                         ;
; Family                             ; Cyclone IV E                                ;
; Total logic elements               ; N/A until Partition Merge                   ;
;     Total combinational functions  ; N/A until Partition Merge                   ;
;     Dedicated logic registers      ; N/A until Partition Merge                   ;
; Total registers                    ; N/A until Partition Merge                   ;
; Total pins                         ; N/A until Partition Merge                   ;
; Total virtual pins                 ; N/A until Partition Merge                   ;
; Total memory bits                  ; N/A until Partition Merge                   ;
; Embedded Multiplier 9-bit elements ; N/A until Partition Merge                   ;
; Total PLLs                         ; N/A until Partition Merge                   ;
+------------------------------------+---------------------------------------------+


+----------------------------------------------------------------------------------------------------------------------+
; Analysis & Synthesis Settings                                                                                        ;
+----------------------------------------------------------------------------+--------------------+--------------------+
; Option                                                                     ; Setting            ; Default Value      ;
+----------------------------------------------------------------------------+--------------------+--------------------+
; Device                                                                     ; EP4CE22F17C6       ;                    ;
; Top-level entity name                                                      ; snn                ; SNN                ;
; Family name                                                                ; Cyclone IV E       ; Cyclone V          ;
; Use smart compilation                                                      ; Off                ; Off                ;
; Enable parallel Assembler and TimeQuest Timing Analyzer during compilation ; On                 ; On                 ;
; Enable compact report table                                                ; Off                ; Off                ;
; Restructure Multiplexers                                                   ; Auto               ; Auto               ;
; Create Debugging Nodes for IP Cores                                        ; Off                ; Off                ;
; Preserve fewer node names                                                  ; On                 ; On                 ;
; Disable OpenCore Plus hardware evaluation                                  ; Off                ; Off                ;
; Verilog Version                                                            ; Verilog_2001       ; Verilog_2001       ;
; VHDL Version                                                               ; VHDL_1993          ; VHDL_1993          ;
; State Machine Processing                                                   ; Auto               ; Auto               ;
; Safe State Machine                                                         ; Off                ; Off                ;
; Extract Verilog State Machines                                             ; On                 ; On                 ;
; Extract VHDL State Machines                                                ; On                 ; On                 ;
; Ignore Verilog initial constructs                                          ; Off                ; Off                ;
; Iteration limit for constant Verilog loops                                 ; 5000               ; 5000               ;
; Iteration limit for non-constant Verilog loops                             ; 250                ; 250                ;
; Add Pass-Through Logic to Inferred RAMs                                    ; On                 ; On                 ;
; Infer RAMs from Raw Logic                                                  ; On                 ; On                 ;
; Parallel Synthesis                                                         ; On                 ; On                 ;
; DSP Block Balancing                                                        ; Auto               ; Auto               ;
; NOT Gate Push-Back                                                         ; On                 ; On                 ;
; Power-Up Don't Care                                                        ; On                 ; On                 ;
; Remove Redundant Logic Cells                                               ; Off                ; Off                ;
; Remove Duplicate Registers                                                 ; On                 ; On                 ;
; Ignore CARRY Buffers                                                       ; Off                ; Off                ;
; Ignore CASCADE Buffers                                                     ; Off                ; Off                ;
; Ignore GLOBAL Buffers                                                      ; Off                ; Off                ;
; Ignore ROW GLOBAL Buffers                                                  ; Off                ; Off                ;
; Ignore LCELL Buffers                                                       ; Off                ; Off                ;
; Ignore SOFT Buffers                                                        ; On                 ; On                 ;
; Limit AHDL Integers to 32 Bits                                             ; Off                ; Off                ;
; Optimization Technique                                                     ; Balanced           ; Balanced           ;
; Carry Chain Length                                                         ; 70                 ; 70                 ;
; Auto Carry Chains                                                          ; On                 ; On                 ;
; Auto Open-Drain Pins                                                       ; On                 ; On                 ;
; Perform WYSIWYG Primitive Resynthesis                                      ; Off                ; Off                ;
; Auto ROM Replacement                                                       ; On                 ; On                 ;
; Auto RAM Replacement                                                       ; On                 ; On                 ;
; Auto DSP Block Replacement                                                 ; On                 ; On                 ;
; Auto Shift Register Replacement                                            ; Auto               ; Auto               ;
; Allow Shift Register Merging across Hierarchies                            ; Auto               ; Auto               ;
; Auto Clock Enable Replacement                                              ; On                 ; On                 ;
; Strict RAM Replacement                                                     ; Off                ; Off                ;
; Allow Synchronous Control Signals                                          ; On                 ; On                 ;
; Force Use of Synchronous Clear Signals                                     ; Off                ; Off                ;
; Auto RAM Block Balancing                                                   ; On                 ; On                 ;
; Auto RAM to Logic Cell Conversion                                          ; Off                ; Off                ;
; Auto Resource Sharing                                                      ; Off                ; Off                ;
; Allow Any RAM Size For Recognition                                         ; Off                ; Off                ;
; Allow Any ROM Size For Recognition                                         ; Off                ; Off                ;
; Allow Any Shift Register Size For Recognition                              ; Off                ; Off                ;
; Use LogicLock Constraints during Resource Balancing                        ; On                 ; On                 ;
; Ignore translate_off and synthesis_off directives                          ; Off                ; Off                ;
; Timing-Driven Synthesis                                                    ; On                 ; On                 ;
; Report Parameter Settings                                                  ; On                 ; On                 ;
; Report Source Assignments                                                  ; On                 ; On                 ;
; Report Connectivity Checks                                                 ; On                 ; On                 ;
; Ignore Maximum Fan-Out Assignments                                         ; Off                ; Off                ;
; Synchronization Register Chain Length                                      ; 2                  ; 2                  ;
; PowerPlay Power Optimization During Synthesis                              ; Normal compilation ; Normal compilation ;
; HDL message level                                                          ; Level2             ; Level2             ;
; Suppress Register Optimization Related Messages                            ; Off                ; Off                ;
; Number of Removed Registers Reported in Synthesis Report                   ; 5000               ; 5000               ;
; Number of Swept Nodes Reported in Synthesis Report                         ; 5000               ; 5000               ;
; Number of Inverted Registers Reported in Synthesis Report                  ; 100                ; 100                ;
; Clock MUX Protection                                                       ; On                 ; On                 ;
; Auto Gated Clock Conversion                                                ; Off                ; Off                ;
; Block Design Naming                                                        ; Auto               ; Auto               ;
; SDC constraint protection                                                  ; Off                ; Off                ;
; Synthesis Effort                                                           ; Auto               ; Auto               ;
; Shift Register Replacement - Allow Asynchronous Clear Signal               ; On                 ; On                 ;
; Pre-Mapping Resynthesis Optimization                                       ; Off                ; Off                ;
; Analysis & Synthesis Message Level                                         ; Medium             ; Medium             ;
; Disable Register Merging Across Hierarchies                                ; Auto               ; Auto               ;
; Resource Aware Inference For Block RAM                                     ; On                 ; On                 ;
; Synthesis Seed                                                             ; 1                  ; 1                  ;
+----------------------------------------------------------------------------+--------------------+--------------------+


Parallel compilation was disabled, but you have multiple processors available. Enable parallel compilation to reduce compilation time.
+-------------------------------------+
; Parallel Compilation                ;
+----------------------------+--------+
; Processors                 ; Number ;
+----------------------------+--------+
; Number detected on machine ; 4      ;
; Maximum allowed            ; 1      ;
+----------------------------+--------+


+-------------------------------+
; Analysis & Synthesis Messages ;
+-------------------------------+
Info: *******************************************************************
Info: Running Quartus Prime Analysis & Synthesis
    Info: Version 16.0.0 Build 211 04/27/2016 SJ Lite Edition
    Info: Processing started: Tue May 01 20:51:36 2018
Info: Command: quartus_map --read_settings_files=on --write_settings_files=off SNN -c SNN
Warning (20028): Parallel compilation is not licensed and has been disabled
Info (12021): Found 1 design units, including 1 entities, in source file rom_hidden_weight_tb.sv
    Info (12023): Found entity 1: rom_hidden_weight_tb File: //userspace.cae.wisc.edu/people/k/kchua2/ece551/project/project/rom_hidden_weight_tb.sv Line: 1
Info (12021): Found 1 design units, including 1 entities, in source file snn_core.sv
    Info (12023): Found entity 1: snn_core File: //userspace.cae.wisc.edu/people/k/kchua2/ece551/project/project/snn_core.sv Line: 1
Info (12021): Found 1 design units, including 1 entities, in source file rom_output_weight.sv
    Info (12023): Found entity 1: rom_output_weight File: //userspace.cae.wisc.edu/people/k/kchua2/ece551/project/project/rom_output_weight.sv Line: 1
Info (12021): Found 1 design units, including 1 entities, in source file rom_hidden_weight.sv
    Info (12023): Found entity 1: rom_hidden_weight File: //userspace.cae.wisc.edu/people/k/kchua2/ece551/project/project/rom_hidden_weight.sv Line: 1
Info (12021): Found 1 design units, including 1 entities, in source file rom_act_func_lut.sv
    Info (12023): Found entity 1: rom_act_func_lut File: //userspace.cae.wisc.edu/people/k/kchua2/ece551/project/project/rom_act_func_lut.sv Line: 1
Info (12021): Found 1 design units, including 1 entities, in source file ram_output_unit.sv
    Info (12023): Found entity 1: ram_output_unit File: //userspace.cae.wisc.edu/people/k/kchua2/ece551/project/project/ram_output_unit.sv Line: 1
Info (12021): Found 1 design units, including 1 entities, in source file ram_input_unit.sv
    Info (12023): Found entity 1: ram_input_unit File: //userspace.cae.wisc.edu/people/k/kchua2/ece551/project/project/ram_input_unit.sv Line: 1
Info (12021): Found 1 design units, including 1 entities, in source file ram_hidden_unit .sv
    Info (12023): Found entity 1: ram_hidden_unit File: //userspace.cae.wisc.edu/people/k/kchua2/ece551/project/project/ram_hidden_unit .sv Line: 1
Info (12021): Found 1 design units, including 1 entities, in source file mac.sv
    Info (12023): Found entity 1: mac File: //userspace.cae.wisc.edu/people/k/kchua2/ece551/project/project/mac.sv Line: 1
Info (12021): Found 1 design units, including 1 entities, in source file demux.sv
    Info (12023): Found entity 1: demux File: //userspace.cae.wisc.edu/people/k/kchua2/ece551/project/project/demux.sv Line: 2
Info (12021): Found 1 design units, including 1 entities, in source file uart_tx.sv
    Info (12023): Found entity 1: uart_tx File: //userspace.cae.wisc.edu/people/k/kchua2/ece551/project/project/uart_tx.sv Line: 1
Info (12021): Found 1 design units, including 1 entities, in source file uart_rx.sv
    Info (12023): Found entity 1: uart_rx File: //userspace.cae.wisc.edu/people/k/kchua2/ece551/project/project/uart_rx.sv Line: 1
Info (12021): Found 1 design units, including 1 entities, in source file snn.sv
    Info (12023): Found entity 1: SNN File: //userspace.cae.wisc.edu/people/k/kchua2/ece551/project/project/snn.sv Line: 1
Info (12021): Found 1 design units, including 1 entities, in source file rst_synch.sv
    Info (12023): Found entity 1: rst_synch File: //userspace.cae.wisc.edu/people/k/kchua2/ece551/project/project/rst_synch.sv Line: 1
Warning (10236): Verilog HDL Implicit Net warning at snn.sv(54): created implicit net for "RIU_q" File: //userspace.cae.wisc.edu/people/k/kchua2/ece551/project/project/snn.sv Line: 54
Warning (10236): Verilog HDL Implicit Net warning at snn.sv(55): created implicit net for "start" File: //userspace.cae.wisc.edu/people/k/kchua2/ece551/project/project/snn.sv Line: 55
Warning (10236): Verilog HDL Implicit Net warning at snn.sv(104): created implicit net for "NE_full" File: //userspace.cae.wisc.edu/people/k/kchua2/ece551/project/project/snn.sv Line: 104
Critical Warning (10846): Verilog HDL Instantiation warning at snn.sv(55): instance has no name File: //userspace.cae.wisc.edu/people/k/kchua2/ece551/project/project/snn.sv Line: 55
Error (12007): Top-level design entity "snn" is undefined
Info (144001): Generated suppressed messages file //userspace.cae.wisc.edu/people/k/kchua2/ece551/project/project/SNN.map.smsg
Error: Quartus Prime Analysis & Synthesis was unsuccessful. 1 error, 5 warnings
    Error: Peak virtual memory: 838 megabytes
    Error: Processing ended: Tue May 01 20:51:55 2018
    Error: Elapsed time: 00:00:19
    Error: Total CPU time (on all processors): 00:00:29


+------------------------------------------+
; Analysis & Synthesis Suppressed Messages ;
+------------------------------------------+
The suppressed messages can be found in //userspace.cae.wisc.edu/people/k/kchua2/ece551/project/project/SNN.map.smsg.


